POST data: Array
(
    [email] => revilvillage1@gmail.com
    [password] => 123
)

POST data: Array
(
    [email] => revilvillage1@gmail.com
    [password] => 12345
)

Array
(
    [email] => revilvillage1@gmail.com
    [password] => 12345
)
Array
(
    [email] => revilvillage1@gmail.com
    [password] => 123
)
Email: revilvillage1@gmail.com, Password: provided
Email: revilvillage1@gmail.com, Password: provided
Email: revilvillage1@gmail.com, Password: provided
Email: revilvillage1@gmail.com, Password: provided
Email: revilvillage1@gmail.com, Password: provided
Email: revilvillage1@gmail.com, Password: provided
Email: revilvillage1@gmail.com, Password: provided
Email: revilvillage1@gmail.com, Password: provided
Email: revilvillage1@gmail.com, Password: provided
Email: revilvillage1@gmail.com, Password: provided
Email: revilvillage1@gmail.com, Password: provided
Email: revilvillage1@gmail.com, Password: provided
Email: revilvillage1@gmail.com, Password: provided
Email: revilvillage1@gmail.com, Password: provided
Email: revilvillage1@gmail.com, Password: provided
Email: revilvillage1@gmail.com, Password: provided
Email: revilvillage1@gmail.com, Password: provided
Email: revilvillage1@gmail.com, Password: provided
Email: revilvillage1@gmail.com, Password: provided
Email: revilvillage1@gmail.com, Password: provided
Email: revilvillage1@gmail.com, Password: provided
Email: revilvillage1@gmail.com, Password: provided
